<?xml version="1.0" encoding="UTF-8"?>
<!-- Generated by org.testng.reporters.JUnitReportReporter -->
<testsuite hostname="Alex" failures="0" tests="1" name="com.pixabay.testcases.LoginTestPixabay" time="4.484" errors="0" timestamp="28 Aug 2019 09:29:01 GMT" skipped="0">
  <testcase classname="com.pixabay.testcases.LoginTestPixabay" name="loginApplication" time="4.484"/>
</testsuite> <!-- com.pixabay.testcases.LoginTestPixabay -->
