<?xml version="1.0" encoding="UTF-8"?>
<!-- Generated by org.testng.reporters.JUnitReportReporter -->
<testsuite hostname="Alex" failures="0" tests="1" name="com.wp.testcases.LoginTestWP" time="2.711" errors="0" timestamp="27 Aug 2019 21:03:17 GMT" skipped="0">
  <testcase classname="com.wp.testcases.LoginTestWP" name="loginApplication" time="2.711"/>
</testsuite> <!-- com.wp.testcases.LoginTestWP -->
