<?xml version="1.0" encoding="UTF-8"?>
<!-- Generated by org.testng.reporters.JUnitReportReporter -->
<testsuite hostname="Alex" failures="0" tests="1" name="com.pixabay.testcases.LoginTestWP" time="3.366" errors="0" timestamp="27 Aug 2019 21:07:07 GMT" skipped="0">
  <testcase classname="com.pixabay.testcases.LoginTestWP" name="loginApplication" time="3.366"/>
</testsuite> <!-- com.pixabay.testcases.LoginTestWP -->
